<?xml version="1.0" encoding="UTF-8"?>
<!-- Generated by org.testng.reporters.JUnitReportReporter -->
<testsuite hostname="LAPTOP-B3BO35C9" failures="0" tests="1" name="cucumberOptions.FailedTestRunner" time="22.248" errors="0" timestamp="2025-01-13T19:42:57 AEDT" skipped="0">
  <testcase classname="cucumberOptions.FailedTestRunner" name="runScenario" time="22.248"/>
</testsuite> <!-- cucumberOptions.FailedTestRunner -->
