<?xml version="1.0" encoding="UTF-8"?>
<!-- Generated by org.testng.reporters.JUnitReportReporter -->
<testsuite hostname="LAPTOP-B3BO35C9" failures="8" tests="67" name="cucumberOptions.TestNGTestRunner" time="2038.030" errors="1" timestamp="2025-01-13T09:23:04 AEDT" skipped="0">
  <testcase classname="cucumberOptions.TestNGTestRunner" name="runScenario" time="13.664"/>
  <testcase classname="cucumberOptions.TestNGTestRunner" name="runScenario" time="18.315"/>
  <testcase classname="cucumberOptions.TestNGTestRunner" name="runScenario" time="58.732"/>
  <testcase classname="cucumberOptions.TestNGTestRunner" name="runScenario" time="15.960"/>
  <testcase classname="cucumberOptions.TestNGTestRunner" name="runScenario" time="27.221"/>
  <testcase classname="cucumberOptions.TestNGTestRunner" name="runScenario" time="48.505"/>
  <testcase classname="cucumberOptions.TestNGTestRunner" name="runScenario" time="13.153"/>
  <testcase classname="cucumberOptions.TestNGTestRunner" name="runScenario" time="43.969"/>
  <testcase classname="cucumberOptions.TestNGTestRunner" name="runScenario" time="18.010"/>
  <testcase classname="cucumberOptions.TestNGTestRunner" name="runScenario" time="69.333">
    <failure message="expected [null] but found [4]" type="java.lang.AssertionError">
      <![CDATA[java.lang.AssertionError: expected [null] but found [4]
at org.testng.Assert.fail(Assert.java:111)
at org.testng.Assert.failNotEquals(Assert.java:1578)
at org.testng.Assert.assertEqualsImpl(Assert.java:150)
at org.testng.Assert.assertEquals(Assert.java:132)
at org.testng.Assert.assertEquals(Assert.java:656)
at org.testng.Assert.assertEquals(Assert.java:666)
at stepDefinitions.BookHotelSteps.the_user_should_see_total_days_in_the_book_hotel_page_is_same_as_the_no_of_days_in_the_select_hotel_page(BookHotelSteps.java:227)
at ✽.the user should see total days in the Book hotel page is same as the no of days in the Select Hotel page(file:///C:/Users/srava/git/repository2/Adactin_CucumberFramework/src/test/java/features/BookHotel.feature:45)
]]>
    </failure>
  </testcase> <!-- runScenario -->
  <testcase classname="cucumberOptions.TestNGTestRunner" name="runScenario" time="71.575"/>
  <testcase classname="cucumberOptions.TestNGTestRunner" name="runScenario" time="31.883"/>
  <testcase classname="cucumberOptions.TestNGTestRunner" name="runScenario" time="9.577"/>
  <testcase classname="cucumberOptions.TestNGTestRunner" name="runScenario" time="11.381">
    <failure message="expected [Adactin.com - Hotel Reservation System] but found [adactinhotelapp.com]" type="java.lang.AssertionError">
      <![CDATA[java.lang.AssertionError: expected [Adactin.com - Hotel Reservation System] but found [adactinhotelapp.com]
at org.testng.Assert.fail(Assert.java:111)
at org.testng.Assert.failNotEquals(Assert.java:1578)
at org.testng.Assert.assertEqualsImpl(Assert.java:150)
at org.testng.Assert.assertEquals(Assert.java:132)
at org.testng.Assert.assertEquals(Assert.java:656)
at org.testng.Assert.assertEquals(Assert.java:666)
at stepDefinitions.LoginSteps.the_user_is_on_the_login_page(LoginSteps.java:31)
at ✽.the user is on the login page(file:///C:/Users/srava/git/repository2/Adactin_CucumberFramework/src/test/java/features/SelectHotel.feature:4)
]]>
    </failure>
  </testcase> <!-- runScenario -->
  <testcase classname="cucumberOptions.TestNGTestRunner" name="runScenario" time="12.270">
    <failure message="Check In Date is not correct expected [13/01/2025] but found [12/01/2025]" type="java.lang.AssertionError">
      <![CDATA[java.lang.AssertionError: Check In Date is not correct expected [13/01/2025] but found [12/01/2025]
at org.testng.Assert.fail(Assert.java:111)
at org.testng.Assert.failNotEquals(Assert.java:1578)
at org.testng.Assert.assertEqualsImpl(Assert.java:150)
at org.testng.Assert.assertEquals(Assert.java:132)
at org.testng.Assert.assertEquals(Assert.java:656)
at stepDefinitions.SearchHotelSteps.the_user_should_see_the_default_value_in_the_check_in_date_field_as_todays_date_in_search_hotel_page(SearchHotelSteps.java:295)
at ✽.the user should see the default value in the Check In Date field as todays date in search hotel page(file:///C:/Users/srava/git/repository2/Adactin_CucumberFramework/src/test/java/features/SearchHotel.feature:48)
]]>
    </failure>
  </testcase> <!-- runScenario -->
  <testcase classname="cucumberOptions.TestNGTestRunner" name="runScenario" time="12.777"/>
  <testcase classname="cucumberOptions.TestNGTestRunner" name="runScenario" time="13.563"/>
  <testcase classname="cucumberOptions.TestNGTestRunner" name="runScenario" time="12.933">
    <failure message="Check Out Date is not correct expected [14/01/2025] but found [13/01/2025]" type="java.lang.AssertionError">
      <![CDATA[java.lang.AssertionError: Check Out Date is not correct expected [14/01/2025] but found [13/01/2025]
at org.testng.Assert.fail(Assert.java:111)
at org.testng.Assert.failNotEquals(Assert.java:1578)
at org.testng.Assert.assertEqualsImpl(Assert.java:150)
at org.testng.Assert.assertEquals(Assert.java:132)
at org.testng.Assert.assertEquals(Assert.java:656)
at stepDefinitions.SearchHotelSteps.the_user_should_see_the_default_value_in_the_check_out_date_field_as_tomorrows_date_in_search_hotel_page(SearchHotelSteps.java:303)
at ✽.the user should see the default value in the Check Out Date field as tomorrows date in search hotel page(file:///C:/Users/srava/git/repository2/Adactin_CucumberFramework/src/test/java/features/SearchHotel.feature:51)
]]>
    </failure>
  </testcase> <!-- runScenario -->
  <testcase classname="cucumberOptions.TestNGTestRunner" name="runScenario" time="26.051"/>
  <testcase classname="cucumberOptions.TestNGTestRunner" name="runScenario" time="29.847"/>
  <testcase classname="cucumberOptions.TestNGTestRunner" name="runScenario" time="16.098"/>
  <testcase classname="cucumberOptions.TestNGTestRunner" name="runScenario" time="11.087">
    <failure message="expected [Adactin.com - Hotel Reservation System] but found [adactinhotelapp.com]" type="java.lang.AssertionError">
      <![CDATA[java.lang.AssertionError: expected [Adactin.com - Hotel Reservation System] but found [adactinhotelapp.com]
at org.testng.Assert.fail(Assert.java:111)
at org.testng.Assert.failNotEquals(Assert.java:1578)
at org.testng.Assert.assertEqualsImpl(Assert.java:150)
at org.testng.Assert.assertEquals(Assert.java:132)
at org.testng.Assert.assertEquals(Assert.java:656)
at org.testng.Assert.assertEquals(Assert.java:666)
at stepDefinitions.LoginSteps.the_user_is_on_the_login_page(LoginSteps.java:31)
at ✽.the user is on the login page(file:///C:/Users/srava/git/repository2/Adactin_CucumberFramework/src/test/java/features/BookingConfirmation.feature:4)
]]>
    </failure>
  </testcase> <!-- runScenario -->
  <testcase classname="cucumberOptions.TestNGTestRunner" name="runScenario" time="28.531"/>
  <testcase classname="cucumberOptions.TestNGTestRunner" name="runScenario" time="29.979"/>
  <testcase classname="cucumberOptions.TestNGTestRunner" name="runScenario" time="31.564"/>
  <testcase classname="cucumberOptions.TestNGTestRunner" name="runScenario" time="39.776"/>
  <testcase classname="cucumberOptions.TestNGTestRunner" name="runScenario" time="24.871"/>
  <testcase classname="cucumberOptions.TestNGTestRunner" name="runScenario" time="25.365"/>
  <testcase classname="cucumberOptions.TestNGTestRunner" name="runScenario" time="35.536"/>
  <testcase classname="cucumberOptions.TestNGTestRunner" name="runScenario" time="24.422">
    <error message="unknown error: failed to change window state to &#039;maximized&#039;, current state is &#039;minimized&#039;
  (Session info: chrome=131.0.6778.265)
Build info: version: &#039;4.27.0&#039;, revision: &#039;d6e718d134&#039;
System info: os.name: &#039;Windows 11&#039;, os.arch: &#039;amd64&#039;, os.version: &#039;10.0&#039;, java.version: &#039;21.0.3&#039;
Driver info: org.openqa.selenium.chrome.ChromeDriver
Command: [4e5b7777b71954561f393e1a756e84ff, maximizeCurrentWindow {}]
Capabilities {acceptInsecureCerts: false, browserName: chrome, browserVersion: 131.0.6778.265, chrome: {chromedriverVersion: 131.0.6778.69 (77e2244bbcda..., userDataDir: C:\Users\srava\AppData\Loca...}, fedcm:accounts: true, goog:chromeOptions: {debuggerAddress: localhost:65025}, networkConnectionEnabled: false, pageLoadStrategy: normal, platformName: windows, proxy: Proxy(), se:cdp: ws://localhost:65025/devtoo..., se:cdpVersion: 131.0.6778.265, setWindowRect: true, strictFileInteractability: false, timeouts: {implicit: 0, pageLoad: 300000, script: 30000}, unhandledPromptBehavior: dismiss and notify, webauthn:extension:credBlob: true, webauthn:extension:largeBlob: true, webauthn:extension:minPinLength: true, webauthn:extension:prf: true, webauthn:virtualAuthenticators: true}
Session ID: 4e5b7777b71954561f393e1a756e84ff" type="org.openqa.selenium.WebDriverException">
      <![CDATA[org.openqa.selenium.WebDriverException: unknown error: failed to change window state to 'maximized', current state is 'minimized'
  (Session info: chrome=131.0.6778.265)
Build info: version: '4.27.0', revision: 'd6e718d134'
System info: os.name: 'Windows 11', os.arch: 'amd64', os.version: '10.0', java.version: '21.0.3'
Driver info: org.openqa.selenium.chrome.ChromeDriver
Command: [4e5b7777b71954561f393e1a756e84ff, maximizeCurrentWindow {}]
Capabilities {acceptInsecureCerts: false, browserName: chrome, browserVersion: 131.0.6778.265, chrome: {chromedriverVersion: 131.0.6778.69 (77e2244bbcda..., userDataDir: C:\Users\srava\AppData\Loca...}, fedcm:accounts: true, goog:chromeOptions: {debuggerAddress: localhost:65025}, networkConnectionEnabled: false, pageLoadStrategy: normal, platformName: windows, proxy: Proxy(), se:cdp: ws://localhost:65025/devtoo..., se:cdpVersion: 131.0.6778.265, setWindowRect: true, strictFileInteractability: false, timeouts: {implicit: 0, pageLoad: 300000, script: 30000}, unhandledPromptBehavior: dismiss and notify, webauthn:extension:credBlob: true, webauthn:extension:largeBlob: true, webauthn:extension:minPinLength: true, webauthn:extension:prf: true, webauthn:virtualAuthenticators: true}
Session ID: 4e5b7777b71954561f393e1a756e84ff
at java.base/jdk.internal.reflect.DirectConstructorHandleAccessor.newInstance(DirectConstructorHandleAccessor.java:62)
at java.base/java.lang.reflect.Constructor.newInstanceWithCaller(Constructor.java:502)
at java.base/java.lang.reflect.Constructor.newInstance(Constructor.java:486)
at org.openqa.selenium.remote.ErrorCodec.decode(ErrorCodec.java:167)
at org.openqa.selenium.remote.codec.w3c.W3CHttpResponseCodec.decode(W3CHttpResponseCodec.java:138)
at org.openqa.selenium.remote.codec.w3c.W3CHttpResponseCodec.decode(W3CHttpResponseCodec.java:50)
at org.openqa.selenium.remote.HttpCommandExecutor.execute(HttpCommandExecutor.java:190)
at org.openqa.selenium.remote.service.DriverCommandExecutor.invokeExecute(DriverCommandExecutor.java:216)
at org.openqa.selenium.remote.service.DriverCommandExecutor.execute(DriverCommandExecutor.java:174)
at org.openqa.selenium.remote.RemoteWebDriver.execute(RemoteWebDriver.java:545)
at org.openqa.selenium.remote.RemoteWebDriver.execute(RemoteWebDriver.java:618)
at org.openqa.selenium.remote.RemoteWebDriver.execute(RemoteWebDriver.java:622)
at org.openqa.selenium.remote.RemoteWebDriver$RemoteWebDriverOptions$RemoteWindow.maximize(RemoteWebDriver.java:1061)
at utils.TestBase.WebDriverManager(TestBase.java:39)
at utils.TestContextSetup.<init>(TestContextSetup.java:37)
at java.base/jdk.internal.reflect.DirectConstructorHandleAccessor.newInstance(DirectConstructorHandleAccessor.java:62)
at java.base/java.lang.reflect.Constructor.newInstanceWithCaller(Constructor.java:502)
at java.base/java.lang.reflect.Constructor.newInstance(Constructor.java:486)
at org.picocontainer.injectors.AbstractInjector.newInstance(AbstractInjector.java:145)
at org.picocontainer.injectors.ConstructorInjector$1.run(ConstructorInjector.java:342)
at org.picocontainer.injectors.AbstractInjector$ThreadLocalCyclicDependencyGuard.observe(AbstractInjector.java:270)
at org.picocontainer.injectors.ConstructorInjector.getComponentInstance(ConstructorInjector.java:364)
at org.picocontainer.injectors.AbstractInjectionFactory$LifecycleAdapter.getComponentInstance(AbstractInjectionFactory.java:56)
at org.picocontainer.behaviors.AbstractBehavior.getComponentInstance(AbstractBehavior.java:64)
at org.picocontainer.behaviors.Stored.getComponentInstance(Stored.java:91)
at org.picocontainer.DefaultPicoContainer.getInstance(DefaultPicoContainer.java:699)
at org.picocontainer.DefaultPicoContainer.getComponent(DefaultPicoContainer.java:647)
at org.picocontainer.DefaultPicoContainer.getComponent(DefaultPicoContainer.java:632)
at org.picocontainer.parameters.BasicComponentParameter$1.resolveInstance(BasicComponentParameter.java:118)
at org.picocontainer.parameters.ComponentParameter$1.resolveInstance(ComponentParameter.java:136)
at org.picocontainer.injectors.SingleMemberInjector.getParameter(SingleMemberInjector.java:78)
at org.picocontainer.injectors.ConstructorInjector$CtorAndAdapters.getParameterArguments(ConstructorInjector.java:309)
at org.picocontainer.injectors.ConstructorInjector$1.run(ConstructorInjector.java:335)
at org.picocontainer.injectors.AbstractInjector$ThreadLocalCyclicDependencyGuard.observe(AbstractInjector.java:270)
at org.picocontainer.injectors.ConstructorInjector.getComponentInstance(ConstructorInjector.java:364)
at org.picocontainer.injectors.AbstractInjectionFactory$LifecycleAdapter.getComponentInstance(AbstractInjectionFactory.java:56)
at org.picocontainer.behaviors.AbstractBehavior.getComponentInstance(AbstractBehavior.java:64)
at org.picocontainer.behaviors.Stored.getComponentInstance(Stored.java:91)
at org.picocontainer.DefaultPicoContainer.getInstance(DefaultPicoContainer.java:699)
at org.picocontainer.DefaultPicoContainer.getComponent(DefaultPicoContainer.java:647)
at org.picocontainer.DefaultPicoContainer.getComponent(DefaultPicoContainer.java:678)
at io.cucumber.picocontainer.PicoFactory.getInstance(PicoFactory.java:64)
at io.cucumber.java.AbstractGlueDefinition.invokeMethod(AbstractGlueDefinition.java:47)
at io.cucumber.java.JavaStepDefinition.execute(JavaStepDefinition.java:29)
at io.cucumber.core.runner.CoreStepDefinition.execute(CoreStepDefinition.java:66)
at io.cucumber.core.runner.PickleStepDefinitionMatch.runStep(PickleStepDefinitionMatch.java:62)
at io.cucumber.core.runner.ExecutionMode$1.execute(ExecutionMode.java:10)
at io.cucumber.core.runner.TestStep.executeStep(TestStep.java:81)
at io.cucumber.core.runner.TestStep.run(TestStep.java:53)
at io.cucumber.core.runner.PickleStepTestStep.run(PickleStepTestStep.java:51)
at io.cucumber.core.runner.TestCase.run(TestCase.java:84)
at io.cucumber.core.runner.Runner.runPickle(Runner.java:75)
at io.cucumber.testng.TestNGCucumberRunner.lambda$runScenario$1(TestNGCucumberRunner.java:135)
at io.cucumber.core.runtime.CucumberExecutionContext.lambda$runTestCase$5(CucumberExecutionContext.java:136)
at io.cucumber.core.runtime.RethrowingThrowableCollector.executeAndThrow(RethrowingThrowableCollector.java:23)
at io.cucumber.core.runtime.CucumberExecutionContext.runTestCase(CucumberExecutionContext.java:136)
at io.cucumber.testng.TestNGCucumberRunner.runScenario(TestNGCucumberRunner.java:132)
at io.cucumber.testng.AbstractTestNGCucumberTests.runScenario(AbstractTestNGCucumberTests.java:35)
at java.base/jdk.internal.reflect.DirectMethodHandleAccessor.invoke(DirectMethodHandleAccessor.java:103)
at java.base/java.lang.reflect.Method.invoke(Method.java:580)
at org.testng.internal.invokers.MethodInvocationHelper.invokeMethod(MethodInvocationHelper.java:141)
at org.testng.internal.invokers.TestInvoker.invokeMethod(TestInvoker.java:686)
at org.testng.internal.invokers.TestInvoker.invokeTestMethod(TestInvoker.java:230)
at org.testng.internal.invokers.TestMethodWithDataProviderMethodWorker.call(TestMethodWithDataProviderMethodWorker.java:81)
at org.testng.internal.thread.Async$AsyncTask.run(Async.java:34)
at java.base/java.util.concurrent.ThreadPoolExecutor.runWorker(ThreadPoolExecutor.java:1144)
at java.base/java.util.concurrent.ThreadPoolExecutor$Worker.run(ThreadPoolExecutor.java:642)
at java.base/java.lang.Thread.run(Thread.java:1583)
]]>
    </error>
  </testcase> <!-- runScenario -->
  <testcase classname="cucumberOptions.TestNGTestRunner" name="runScenario" time="26.885"/>
  <testcase classname="cucumberOptions.TestNGTestRunner" name="runScenario" time="39.604"/>
  <testcase classname="cucumberOptions.TestNGTestRunner" name="runScenario" time="55.717"/>
  <testcase classname="cucumberOptions.TestNGTestRunner" name="runScenario" time="81.022"/>
  <testcase classname="cucumberOptions.TestNGTestRunner" name="runScenario" time="37.150"/>
  <testcase classname="cucumberOptions.TestNGTestRunner" name="runScenario" time="36.890">
    <failure message="expected [13/01/2025] but found [12/01/2025]" type="java.lang.AssertionError">
      <![CDATA[java.lang.AssertionError: expected [13/01/2025] but found [12/01/2025]
at org.testng.Assert.fail(Assert.java:111)
at org.testng.Assert.failNotEquals(Assert.java:1578)
at org.testng.Assert.assertEqualsImpl(Assert.java:150)
at org.testng.Assert.assertEquals(Assert.java:132)
at org.testng.Assert.assertEquals(Assert.java:656)
at org.testng.Assert.assertEquals(Assert.java:666)
at stepDefinitions.SearchHotelSteps.all_the_fields_should_be_reset_to_their_default_values_in_search_hotel_page(SearchHotelSteps.java:375)
at ✽.all the fields should be reset to their default values in search hotel page(file:///C:/Users/srava/git/repository2/Adactin_CucumberFramework/src/test/java/features/SearchHotel.feature:69)
]]>
    </failure>
  </testcase> <!-- runScenario -->
  <testcase classname="cucumberOptions.TestNGTestRunner" name="runScenario" time="25.353"/>
  <testcase classname="cucumberOptions.TestNGTestRunner" name="runScenario" time="35.972"/>
  <testcase classname="cucumberOptions.TestNGTestRunner" name="runScenario" time="24.580"/>
  <testcase classname="cucumberOptions.TestNGTestRunner" name="runScenario" time="69.393"/>
  <testcase classname="cucumberOptions.TestNGTestRunner" name="runScenario" time="34.344"/>
  <testcase classname="cucumberOptions.TestNGTestRunner" name="runScenario" time="25.434"/>
  <testcase classname="cucumberOptions.TestNGTestRunner" name="runScenario" time="10.014">
    <failure message="expected [Adactin.com - Hotel Reservation System] but found [adactinhotelapp.com]" type="java.lang.AssertionError">
      <![CDATA[java.lang.AssertionError: expected [Adactin.com - Hotel Reservation System] but found [adactinhotelapp.com]
at org.testng.Assert.fail(Assert.java:111)
at org.testng.Assert.failNotEquals(Assert.java:1578)
at org.testng.Assert.assertEqualsImpl(Assert.java:150)
at org.testng.Assert.assertEquals(Assert.java:132)
at org.testng.Assert.assertEquals(Assert.java:656)
at org.testng.Assert.assertEquals(Assert.java:666)
at stepDefinitions.LoginSteps.the_user_is_on_the_login_page(LoginSteps.java:31)
at ✽.the user is on the login page(file:///C:/Users/srava/git/repository2/Adactin_CucumberFramework/src/test/java/features/BookingConfirmation.feature:4)
]]>
    </failure>
  </testcase> <!-- runScenario -->
  <testcase classname="cucumberOptions.TestNGTestRunner" name="runScenario" time="7.522">
    <failure message="expected [Adactin.com - Hotel Reservation System] but found [adactinhotelapp.com]" type="java.lang.AssertionError">
      <![CDATA[java.lang.AssertionError: expected [Adactin.com - Hotel Reservation System] but found [adactinhotelapp.com]
at org.testng.Assert.fail(Assert.java:111)
at org.testng.Assert.failNotEquals(Assert.java:1578)
at org.testng.Assert.assertEqualsImpl(Assert.java:150)
at org.testng.Assert.assertEquals(Assert.java:132)
at org.testng.Assert.assertEquals(Assert.java:656)
at org.testng.Assert.assertEquals(Assert.java:666)
at stepDefinitions.LoginSteps.the_user_is_on_the_login_page(LoginSteps.java:31)
at ✽.the user is on the login page(file:///C:/Users/srava/git/repository2/Adactin_CucumberFramework/src/test/java/features/SearchHotel.feature:4)
]]>
    </failure>
  </testcase> <!-- runScenario -->
  <testcase classname="cucumberOptions.TestNGTestRunner" name="runScenario" time="39.783"/>
  <testcase classname="cucumberOptions.TestNGTestRunner" name="runScenario" time="31.763"/>
  <testcase classname="cucumberOptions.TestNGTestRunner" name="runScenario" time="28.631"/>
  <testcase classname="cucumberOptions.TestNGTestRunner" name="runScenario" time="34.317"/>
  <testcase classname="cucumberOptions.TestNGTestRunner" name="runScenario" time="40.307"/>
  <testcase classname="cucumberOptions.TestNGTestRunner" name="runScenario" time="26.945"/>
  <testcase classname="cucumberOptions.TestNGTestRunner" name="runScenario" time="22.478"/>
  <testcase classname="cucumberOptions.TestNGTestRunner" name="runScenario" time="12.211"/>
  <testcase classname="cucumberOptions.TestNGTestRunner" name="runScenario" time="36.111"/>
  <testcase classname="cucumberOptions.TestNGTestRunner" name="runScenario" time="25.373"/>
  <testcase classname="cucumberOptions.TestNGTestRunner" name="runScenario" time="24.611"/>
  <testcase classname="cucumberOptions.TestNGTestRunner" name="runScenario" time="69.322"/>
  <testcase classname="cucumberOptions.TestNGTestRunner" name="runScenario" time="24.026"/>
  <testcase classname="cucumberOptions.TestNGTestRunner" name="runScenario" time="16.594"/>
  <testcase classname="cucumberOptions.TestNGTestRunner" name="runScenario" time="27.737"/>
  <testcase classname="cucumberOptions.TestNGTestRunner" name="runScenario" time="29.708"/>
  <testcase classname="cucumberOptions.TestNGTestRunner" name="runScenario" time="54.650"/>
  <testcase classname="cucumberOptions.TestNGTestRunner" name="runScenario" time="17.932"/>
  <testcase classname="cucumberOptions.TestNGTestRunner" name="runScenario" time="17.347"/>
  <testcase classname="cucumberOptions.TestNGTestRunner" name="runScenario" time="22.319"/>
  <testcase classname="cucumberOptions.TestNGTestRunner" name="runScenario" time="58.196"/>
  <testcase classname="cucumberOptions.TestNGTestRunner" name="runScenario" time="20.821"/>
  <testcase classname="cucumberOptions.TestNGTestRunner" name="runScenario" time="21.020"/>
</testsuite> <!-- cucumberOptions.TestNGTestRunner -->
