<?xml version="1.0" encoding="UTF-8"?>
<!-- Generated by org.testng.reporters.JUnitReportReporter -->
<testsuite hostname="LAPTOP-B3BO35C9" failures="2" tests="2" name="cucumberOptions.TestNGTestRunner" time="31.961" errors="0" timestamp="2025-01-10T13:14:41 AEDT" skipped="0">
  <testcase classname="cucumberOptions.TestNGTestRunner" name="runScenario" time="12.127">
    <failure message="expected [null] but found [4]" type="java.lang.AssertionError">
      <![CDATA[java.lang.AssertionError: expected [null] but found [4]
at org.testng.Assert.fail(Assert.java:111)
at org.testng.Assert.failNotEquals(Assert.java:1578)
at org.testng.Assert.assertEqualsImpl(Assert.java:150)
at org.testng.Assert.assertEquals(Assert.java:132)
at org.testng.Assert.assertEquals(Assert.java:656)
at org.testng.Assert.assertEquals(Assert.java:666)
at stepDefinitions.BookHotelSteps.the_user_should_see_total_days_in_the_book_hotel_page_is_same_as_the_no_of_days_in_the_select_hotel_page(BookHotelSteps.java:214)
at ✽.the user should see total days in the Book hotel page is same as the no of days in the Select Hotel page(file:///C:/Users/srava/Documents/Eclipse%20Projects/Adactin_CucumberFramework/src/test/java/features/BookHotel.feature:53)
]]>
    </failure>
  </testcase> <!-- runScenario -->
  <testcase classname="cucumberOptions.TestNGTestRunner" name="runScenario" time="19.834">
    <failure message="expected [null] but found [AUD $ 125]" type="java.lang.AssertionError">
      <![CDATA[java.lang.AssertionError: expected [null] but found [AUD $ 125]
at org.testng.Assert.fail(Assert.java:111)
at org.testng.Assert.failNotEquals(Assert.java:1578)
at org.testng.Assert.assertEqualsImpl(Assert.java:150)
at org.testng.Assert.assertEquals(Assert.java:132)
at org.testng.Assert.assertEquals(Assert.java:656)
at org.testng.Assert.assertEquals(Assert.java:666)
at stepDefinitions.BookingConfirmationSteps.the_user_should_see_price_per_night_in_the_booking_confirmation_page_is_same_as_the_price_per_night_in_the_book_hotel_page(BookingConfirmationSteps.java:94)
at ✽.the user should see price per night in the Booking Confirmation page is same as the price per night in the Book Hotel page(file:///C:/Users/srava/Documents/Eclipse%20Projects/Adactin_CucumberFramework/src/test/java/features/BookingConfirmation.feature:76)
]]>
    </failure>
  </testcase> <!-- runScenario -->
</testsuite> <!-- cucumberOptions.TestNGTestRunner -->
